941 7.1840357556939125 -84.76719665527344 37.03092956542969 0.5357549786567688 0.0 0.0 89.78766632080078 2.197582958045235e-35 5.081722345649103e-35 9.8100004196167 0.0 0.0 0.0 3.137890100479126
1041 8.185259357094765 -84.76719665527344 37.04253005981445 0.23081892728805542 -0.002502506598830223 1.3900526762008667 89.78810119628906 -7396.640625 -17103.28125 81.48603820800781 -0.0027352359611541033 -2.882352055166848e-05 2.2463923414761666e-06 3.137906312942505
1085 9.194627068936825 -84.7671890258789 37.04228591918945 0.2337324470281601 -0.0019226018339395523 1.3631007671356201 89.7882308959961 0.2288772165775299 0.00029587745666503906 10.113247871398926 -6.861615111120045e-05 -1.9350488855707226e-06 5.011858320358442e-06 3.137906312942505
1134 10.194138560444117 -84.7671890258789 37.04227828979492 0.23382575809955597 -0.00186164618935436 1.3626500368118286 89.78824615478516 0.23345588147640228 0.0003291964530944824 9.80444049835205 2.0372099243104458e-06 9.654776249590213e-07 5.047998911322793e-06 3.137890100479126
1180 11.190137349069118 -84.76151275634766 38.75395965576172 0.25935158133506775 -0.011108444072306156 2.3822879791259766 89.81786346435547 2.129793643951416 0.0016734600067138672 9.75549602508545 -0.025605343282222748 0.0004976611817255616 0.0015531758544966578 3.138409376144409
1230 12.18947085738182 -84.75052642822266 42.11810302734375 0.35255104303359985 -0.0021971948444843292 1.7929587364196777 89.81758117675781 1.9599422216415405 0.00034224987030029297 9.82127857208252 -0.0005876311333850026 -0.00011023983097402379 8.757273462833837e-05 3.138428211212158
1277 13.187934767454863 -84.74016571044922 45.40639877319336 0.4447000324726105 -0.0011596872936934233 1.8167414665222168 89.82038879394531 0.23790830373764038 0.0005943402647972107 9.806415557861328 0.0037694855127483606 -2.8940121410414577e-06 8.587127376813442e-05 3.1384851932525635
1327 14.187381483614445 -84.72992706298828 48.75230026245117 0.5406376719474792 -0.0017701243050396442 1.8189953565597534 89.82656860351562 0.36591455340385437 0.0005849301815032959 9.80703067779541 -0.00556934392079711 7.399877176794689e-06 0.00022311734210234135 3.138582706451416
1382 15.184298370033503 -84.72067260742188 51.960086822509766 0.6273964643478394 -0.0016785123152658343 1.639450192451477 89.8369369506836 0.15017420053482056 0.0008635995909571648 9.800735473632812 -0.008794969879090786 4.174220157437958e-05 0.00036702220677398145 3.1387665271759033
1447 16.184062361717224 -84.71147155761719 55.40559005737305 0.7049584984779358 -0.0007018789765425026 1.3112528324127197 89.84959411621094 0.45319581031799316 0.0007991790771484375 9.792731285095215 -0.00631635170429945 4.640155384549871e-05 0.0003344186407048255 3.1389858722686768
1512 17.18974455446005 -84.70320892333984 58.80147933959961 0.762778103351593 -0.00021363500854931772 0.9842780232429504 89.86102294921875 0.09875186532735825 0.0008544251322746277 9.789715766906738 -0.002022418426349759 -0.0001571167231304571 -9.391855564899743e-05 3.1391758918762207
1578 18.188983850181103 -84.694580078125 62.22842025756836 0.8022998571395874 0.00019800786685664207 0.6419079899787903 89.85568237304688 0.16242478787899017 -0.0003111809492111206 9.790898323059082 -0.0018574020359665155 1.4588246131097549e-06 -0.00011399950017221272 3.1390554904937744
1643 19.18414916098118 -84.6857681274414 65.62027740478516 0.8230141401290894 1.374062048853375e-05 0.31112194061279297 89.8501968383789 0.0318886898458004 -0.00028259027749300003 9.791182518005371 -0.006606297567486763 7.651087798876688e-06 -0.00010979820945067331 3.138963222503662
1708 20.189424451440573 -84.6763916015625 69.1063461303711 0.8251282572746277 -9.155262523563579e-05 -0.007629320956766605 89.84495544433594 0.05812596529722214 -0.0002922862768173218 9.791299819946289 -0.010184947401285172 0.00022564383107237518 9.507804497843608e-05 3.138874053955078
1771 21.19161293283105 -84.66714477539062 72.51660919189453 0.8086992502212524 -1.334041144218645e-08 -0.31283631920814514 89.84455108642578 -0.11816311627626419 -5.83454966545105e-05 9.7910737991333 -0.010270251892507076 -7.1869367275212426e-06 -0.00010278796980855986 3.138874053955078
1835 22.186731450259686 -84.65797424316406 75.89674377441406 0.7744620442390442 -0.0002441933029331267 -0.6141910552978516 89.84398651123047 -0.11109794676303864 4.4558197259902954e-05 9.791336059570312 -0.01034750696271658 9.740011591929942e-05 9.038161806529388e-05 3.138874053955078
1899 23.188726644963026 -84.6488037109375 79.27172088623047 0.7249770760536194 -0.00018307317805010825 -0.8208930492401123 89.84391784667969 -0.16883864998817444 2.4512410163879395e-06 9.793583869934082 -0.004836305510252714 2.0786912500625476e-05 -1.3658486750500742e-05 3.138852119445801
1966 24.1855638474226 -84.6395492553711 82.67499542236328 0.6665222644805908 -0.000213683073525317 -0.8979786038398743 89.84445190429688 -0.10771465301513672 5.3709372878074646e-05 9.800256729125977 0.0004371388058643788 8.993208666652208e-07 1.596927540958859e-05 3.138874053955078
2032 25.19126933813095 -84.63017272949219 86.12657165527344 0.6053574085235596 -0.0002441556134726852 -0.8942561149597168 89.84464263916016 -0.13520263135433197 4.142150282859802e-05 9.806910514831543 3.781791974688531e-06 2.7208188839722425e-06 1.4866413948766422e-05 3.138918161392212
2099 26.18661154061556 -84.62089538574219 89.56448364257812 0.544582724571228 -0.0002441556134726852 -0.8942014575004578 89.84488677978516 -0.13105306029319763 0.00010146573185920715 9.808907508850098 -6.825653713349311e-07 3.378125711606117e-06 1.5527823052252643e-05 3.1388959884643555
2163 27.18565484508872 -84.61185455322266 92.96583557128906 0.48450013995170593 -0.0002441556134726852 -0.8941400051116943 89.84510803222656 -0.2026735246181488 0.0001421421766281128 9.808955192565918 -1.0678464832380996e-06 -1.0363908131694188e-07 1.5309027730836533e-05 3.138918161392212
2232 28.185707353055477 -84.60274505615234 96.4105453491211 0.4236239194869995 -0.0002441556134726852 -0.8941400051116943 89.84510803222656 -0.11315614730119705 8.13603401184082e-05 9.808695793151855 5.178283117857063e-07 8.169685656866932e-07 1.495026117481757e-05 3.138918161392212
2296 29.184907842427492 -84.59380340576172 99.80325317382812 0.3636127710342407 -0.015441926196217537 -0.8948298692703247 89.84488677978516 -0.20230357348918915 0.0026767104864120483 9.808850288391113 -0.0008557033725082874 -0.0016374901169911027 4.233494109939784e-05 3.1388959884643555
2366 30.190861146897078 -84.5849380493164 103.2005615234375 0.30620360374450684 -0.002593999495729804 -1.127500295639038 89.8418197631836 -0.21123486757278442 0.0005112588405609131 9.810725212097168 -0.037472084164619446 -0.0005172325181774795 -0.0006085627828724682 3.1388304233551025
2431 31.19105925410986 -84.57966613769531 105.06556701660156 0.27152663469314575 0.0009961958276107907 -0.8470458388328552 89.8301010131836 -1.6531418561935425 -0.0011067390441894531 9.808964729309082 0.027687791734933853 0.00018907111370936036 0.00013729270722251385 3.1386427879333496
2501 32.19098746404052 -84.5741958618164 106.96216583251953 0.24075236916542053 0.0004318681312724948 -0.831015408039093 89.8294906616211 -0.11024013161659241 -0.00017376244068145752 9.81332778930664 0.003486776491627097 -2.4087992642307654e-05 3.636901965364814e-06 3.138622522354126
2569 33.18927736952901 -84.5689468383789 108.7332992553711 0.21252715587615967 0.0018668905831873417 -0.7686694264411926 89.82969665527344 -0.25427547097206116 -0.0004888921976089478 9.809976577758789 0.0006085699424147606 -0.0013449641410261393 9.070981832337566e-07 3.1386024951934814
2638 34.190495647490025 -84.56397247314453 110.49488067626953 0.1875004917383194 0.04513116180896759 -0.675778865814209 89.8323745727539 -0.13049674034118652 -0.007469542324542999 9.812419891357422 0.0027825876604765654 0.00015633978182449937 0.0001051249637384899 3.1386630535125732
2707 35.19020212814212 -84.56228637695312 111.13186645507812 0.18287859857082367 0.04628622904419899 -1.022581696510315 89.8279037475586 -1.2970308065414429 -0.008021831512451172 9.808775901794434 0.027961554005742073 0.00011579626152524725 1.6376638086512685e-05 3.1386024951934814
2775 36.18785144016147 -84.56230163574219 111.13430786132812 0.17858009040355682 0.04276971146464348 -0.6460265517234802 89.82787322998047 -0.746130108833313 -0.007527470588684082 9.802522659301758 0.0009285104461014271 -1.0924050002358854e-06 -1.9183808035450056e-06 3.1386024951934814
2841 37.187505930662155 -84.56230163574219 111.13436889648438 0.1785077303647995 0.04280906915664673 -0.6398930549621582 89.82781219482422 -0.11198804527521133 -0.00735902413725853 9.813600540161133 3.2177194952964783e-07 -3.167140675941482e-06 -2.9706116038141772e-06 3.138582706451416
2911 38.18612974509597 -84.56230163574219 111.13436889648438 0.17854514718055725 0.04280906915664673 -0.6398930549621582 89.82781219482422 -0.10962765663862228 -0.007329460233449936 9.809494972229004 -5.617388524115086e-06 -1.057804183801636e-06 -2.3055035853758454e-06 3.138582706451416
2981 39.19043406099081 -84.56230163574219 111.13436889648438 0.17854338884353638 0.04280906915664673 -0.6398930549621582 89.82781219482422 -0.10956738144159317 -0.007338937371969223 9.809347152709961 -3.823319275397807e-06 -3.884269972331822e-07 -2.027267328230664e-06 3.138582706451416
3047 40.184563267976046 -84.56230163574219 111.13436889648438 0.1785612404346466 0.04280906915664673 -0.6398930549621582 89.82781219482422 -0.10955830663442612 -0.007329188287258148 9.809406280517578 -4.110108420718461e-06 -3.828536137007177e-07 -1.7316378944087774e-06 3.138582706451416
3118 41.188464652746916 -84.56230163574219 111.13436889648438 0.17854857444763184 0.04280906915664673 -0.6398930549621582 89.82781219482422 -0.1095772460103035 -0.007338974624872208 9.809354782104492 -3.3032920327968895e-06 -8.996357792057097e-08 -1.8424780137138441e-06 3.138582706451416
3183 42.18582094460726 -84.56230163574219 111.13436889648438 0.17855238914489746 0.04280906915664673 -0.6398930549621582 89.82781219482422 -0.10954852402210236 -0.007319394499063492 9.809402465820312 -3.2185926102101803e-06 3.248806024203077e-07 -1.6136273188749328e-06 3.138582706451416
3253 43.18681724369526 -84.56230163574219 111.13436889648438 0.1785304993391037 0.04280906915664673 -0.6398930549621582 89.82781219482422 -0.10955782234668732 -0.007319387048482895 9.80936050415039 -3.7339050322771072e-06 -1.012740540318191e-07 -2.056714947684668e-06 3.138582706451416
3321 44.188632033765316 -84.56230163574219 111.13436889648438 0.1785532683134079 0.04280906915664673 -0.6398930549621582 89.82781219482422 -0.10957805812358856 -0.00734880194067955 9.809430122375488 -3.2213065424002707e-06 4.7597495722584426e-08 -1.8075497791869566e-06 3.138582706451416
3391 45.18890222907066 -84.56230163574219 111.13436889648438 0.1785566657781601 0.04280906915664673 -0.6398930549621582 89.82781219482422 -0.10954810678958893 -0.007329132407903671 9.809367179870605 -3.073320840485394e-06 -3.622117219492793e-07 -1.4620836736867204e-06 3.138582706451416
3458 46.1864152289927 -84.56218719482422 111.20279693603516 0.1757587045431137 0.04269638657569885 -0.47555190324783325 89.82649993896484 -0.012748774141073227 -0.007227480411529541 9.807417869567871 0.017496906220912933 -0.0001165937865152955 -0.0019315865356475115 3.1385629177093506
3525 47.18633062019944 -84.55895233154297 112.22113037109375 0.15924082696437836 0.05990134924650192 -0.202180415391922 89.73429107666016 0.9165048003196716 -0.008949816226959229 9.799559593200684 -0.006732440087944269 -0.0009813641663640738 0.0004106256819795817 3.136960506439209
3593 48.18730642274022 -84.55144500732422 113.96951293945312 0.1424570381641388 0.0650903582572937 -0.6333634257316589 89.74076080322266 0.619459867477417 -0.012146174907684326 9.817193031311035 -0.024702521041035652 6.284005212364718e-05 -0.0002543481532484293 3.137077808380127
3660 49.184194043278694 -84.5498046875 114.39049530029297 0.13600535690784454 0.06551288813352585 -0.5244423747062683 89.72452545166016 -1.4156644344329834 -0.011729598045349121 9.807753562927246 0.03139379993081093 0.00015186471864581108 0.00014630825899075717 3.136795997619629
3728 50.18960525840521 -84.54415893554688 115.648681640625 0.11765880137681961 0.06119711697101593 -0.2880563735961914 89.73381042480469 0.7789025902748108 -0.010587096214294434 9.802271842956543 -0.010424341075122356 -2.747660255408846e-05 0.00020983921422157437 3.1369476318359375
3794 51.18854504823685 -84.53656768798828 117.36068725585938 0.09972777962684631 0.052840687334537506 -0.572383463382721 89.7375259399414 0.36338382959365845 -0.008929789066314697 9.814413070678711 -0.000156271256855689 0.001621592091396451 4.11638175137341e-05 3.1370251178741455
3853 52.19441105425358 -84.5290298461914 119.0639419555664 0.07930106669664383 0.018250547349452972 -0.5152626037597656 89.73877716064453 -0.10868623852729797 -0.0031391456723213196 9.80706787109375 0.0015226068207994103 -0.00012236191832926124 1.2186171716166427e-06 3.1370251178741455
3915 53.18694145977497 -84.52143096923828 120.78742980957031 0.06478927284479141 -0.004913325421512127 -0.3372747302055359 89.73934936523438 -0.014646942727267742 0.0008817175403237343 9.815775871276855 0.00960011500865221 0.0008648870862089097 5.095309825264849e-05 3.1370513439178467
3982 54.190094869583845 -84.51385498046875 122.5166244506836 0.05035080015659332 -0.014587407000362873 0.18692177534103394 89.74980926513672 0.019309286028146744 0.0025398831348866224 9.81021785736084 0.017480257898569107 0.00013257017417345196 0.0009072732646018267 3.1372389793395996
4051 55.18970227614045 -84.50588989257812 125.2337875366211 0.0420568473637104 -0.0325317420065403 0.29125291109085083 89.84685516357422 1.0429980754852295 0.007804989814758301 9.81091022491455 -0.0054906634613871574 0.0004899096093140543 0.0048089055344462395 3.138918161392212
4118 56.18469626829028 -84.51544952392578 128.52090454101562 0.03726722672581673 -0.12921142578125 0.07235219329595566 90.26361846923828 0.5994393825531006 0.03704559803009033 9.8126859664917 -0.0028680639807134867 0.00021311553427949548 0.019768359139561653 3.1461992263793945
4185 57.18422315642238 -84.58448791503906 131.86456298828125 0.03103412501513958 -0.1364440768957138 0.014616603963077068 91.3811264038086 0.045665618032217026 0.08196347951889038 9.808395385742188 -0.0015780121320858598 -0.002612002892419696 0.03289774805307388 3.1656978130340576
4252 58.18578454479575 -84.72050476074219 135.21205139160156 0.023407477885484695 -0.0503845140337944 6.147169915493578e-05 92.40203094482422 -0.0002093687653541565 0.0753827691078186 9.808560371398926 1.7621803635847755e-05 -0.0015571987023577094 0.016152866184711456 3.1835155487060547
4323 59.19062474742532 -84.88301849365234 138.6078643798828 0.015168113633990288 -0.007690429221838713 -0.0006420377176254988 92.73448181152344 0.038179464638233185 0.025337625294923782 9.809414863586426 1.9616032659541816e-05 -0.0002319320192327723 0.002226873068138957 3.189319133758545
4391 60.18865444883704 -85.04635620117188 141.99935913085938 0.00692340824753046 0.005670186597853899 -0.0005805660621263087 92.73433685302734 0.01861431822180748 7.12219625711441e-05 9.80993938446045 5.1457715017022565e-05 -0.0011193151585757732 -0.004679097328335047 3.189316749572754
4461 61.18682626634836 -85.18621063232422 145.3684539794922 -0.0012665175599977374 0.05578929930925369 -3.415094397496432e-05 92.25911712646484 -0.023846743628382683 -0.032213903963565826 9.810029983520508 0.0008557038381695747 -0.0016174769261851907 -0.019641771912574768 3.1810224056243896
4529 62.188995745033026 -85.27396392822266 148.73873901367188 -0.005315818823873997 0.07327854633331299 0.150202676653862 91.34888458251953 0.012219838798046112 -0.06476780772209167 9.814090728759766 0.0010761111043393612 0.00012435692769940943 -0.02448241598904133 3.165134906768799
4601 63.18914244323969 -85.30665588378906 152.13609313964844 -0.00505207059904933 0.05543936416506767 0.14255286753177643 90.44188690185547 0.05783221870660782 -0.06456021219491959 9.814127922058105 -7.655420631635934e-05 0.0005850022425875068 -0.01965600624680519 3.149305582046509
4668 64.18442994728684 -85.29409790039062 155.4633026123047 -0.0050171660259366035 0.06456604599952698 0.14199279248714447 89.67259216308594 -0.02948112040758133 -0.05679243803024292 9.80981731414795 -1.0952255252050236e-05 -0.0013234904035925865 -0.023379795253276825 3.1358773708343506
4741 65.18650704622269 -85.20807647705078 158.85174560546875 -0.005004501435905695 0.1550384908914566 0.14180155098438263 88.25582885742188 0.06511598080396652 -0.09867478907108307 9.809615135192871 -8.913682540878654e-05 -0.0024183529894798994 -0.051442984491586685 3.1111531257629395
4810 66.1894853413105 -84.97566986083984 162.22410583496094 -0.004985160659998655 0.2476120889186859 0.14110487699508667 85.58687591552734 0.016408413648605347 -0.18893253803253174 9.809271812438965 -0.00011921121767954901 -0.0013160608941689134 -0.0818164050579071 3.0645697116851807
4879 67.18507384881377 -84.54573059082031 165.51622009277344 -0.004973640199750662 0.28531965613365173 0.14056529104709625 82.04930114746094 -0.0034565478563308716 -0.2549102008342743 9.808882713317871 -5.378633795771748e-05 -0.00028247825684957206 -0.09675083309412003 3.002826690673828
4944 68.18916476517916 -83.88758850097656 168.80227661132812 -0.005015411414206028 0.2882506847381592 0.14040136337280273 78.14218139648438 0.03660076856613159 -0.2752312123775482 9.808626174926758 1.424019046680769e-06 4.6046916395425797e-05 -0.0997423306107521 2.9346349239349365
5012 69.18872198462486 -83.01566314697266 171.99978637695312 -0.004972610156983137 0.2837285101413727 0.14030574262142181 74.24121856689453 0.011938929557800293 -0.2768748104572296 9.808834075927734 9.113886335399002e-06 4.186564910924062e-05 -0.09895860403776169 2.8665504455566406
5079 70.18866747617722 -81.9212646484375 175.1543731689453 -0.005003814585506916 0.28148335218429565 0.14025110006332397 70.3492202758789 0.05721169710159302 -0.2723056674003601 9.808595657348633 -1.7724836652632803e-05 -4.5957702241139486e-05 -0.0982443317770958 2.798621892929077
5148 71.18650486692786 -80.61201477050781 178.23976135253906 -0.004990310408174992 0.27876371145248413 0.140244260430336 66.48786926269531 0.0534161776304245 -0.2725626826286316 9.808733940124512 6.835734529886395e-05 0.00015157953021116555 -0.09711729735136032 2.7312283515930176
5214 72.18995217233896 -79.1223373413086 181.18702697753906 -0.0050254822708666325 0.27726849913597107 0.14018279314041138 62.70036315917969 -0.03460542857646942 -0.27165937423706055 9.808865547180176 0.00014625361654907465 0.0002726936945691705 -0.09645800292491913 2.665123701095581
5281 73.1841756850481 -77.43121337890625 184.04380798339844 -0.0061711883172392845 0.32481271028518677 0.26115909218788147 58.85374069213867 0.10219373553991318 -0.2740129232406616 9.807122230529785 0.006182413082569838 -0.008732945658266544 -0.11345818638801575 2.5979881286621094
5348 74.18588527664542 -75.1351089477539 187.32020568847656 -0.008150443434715271 0.5140889286994934 0.42218080163002014 53.905479431152344 0.7430719137191772 -0.33209073543548584 9.80138111114502 -0.0023015281185507774 -0.0036729546263813972 -0.14712801575660706 2.511624336242676
