939 7.164288356900215 -84.76719665527344 37.03092956542969 0.5594570636749268 0.0 0.0 89.78766632080078 48.99966734438897 7.99883931681476 0.5594570636749268
1039 8.164877455681562 -84.76719665527344 37.04257583618164 0.23028036952018738 -0.002593999495729804 1.395127534866333 89.78811645507812 48.99966723976806 7.99883931681476 0.23028036952018738
1083 9.173037368804216 -84.7671890258789 37.04228973388672 0.2337356060743332 -0.0019226018339395523 1.3631007671356201 89.7882308959961 48.99966724233818 7.998839316919225 0.2337356060743332
1132 10.17350336164236 -84.7671890258789 37.04227828979492 0.23384128510951996 -0.00186164618935436 1.3626500368118286 89.78824615478516 48.99966724244098 7.998839316919225 0.23384128510951996
1178 11.170725550502539 -84.76187133789062 38.62718200683594 0.25595036149024963 -0.01031480636447668 2.423398733139038 89.81537628173828 48.999653004911494 7.998839389732192 0.25595036149024963
1228 12.170576758682728 -84.7509536743164 41.98106002807617 0.34891650080680847 -0.002380420919507742 1.7943520545959473 89.81744384765625 48.999622876293586 7.998839539223375 0.34891650080680847
1275 13.16740556806326 -84.7406234741211 45.25833511352539 0.44047343730926514 -0.0011597898555919528 1.810109257698059 89.82024383544922 48.999593435799 7.998839680670658 0.44047343730926514
1325 14.166927184909582 -84.73039245605469 48.59865188598633 0.5363540053367615 -0.0017699208110570908 1.829254388809204 89.82611083984375 48.99956342896891 7.99883982075988 0.5363540053367615
1380 15.167489867657423 -84.72099304199219 51.84095764160156 0.6245867609977722 -0.0016784158069640398 1.6517035961151123 89.83641815185547 48.99953430257693 7.998839949462282 0.6245867609977722
1445 16.168133161962032 -84.71177673339844 55.28889083862305 0.7028409242630005 -0.0007018813048489392 1.3195583820343018 89.8490982055664 48.999503328966824 7.998840075657496 0.7028409242630005
1510 17.173141952604055 -84.70353698730469 58.66956329345703 0.7609184980392456 -0.0005188509821891785 0.9860333800315857 89.8611831665039 48.99947295955732 7.99884018848103 0.7609184980392456
1575 18.164428550750017 -84.69497680664062 62.06977462768555 0.8008140921592712 0.00019835490093100816 0.6464705467224121 89.85591125488281 48.99944241460665 7.998840305692147 0.8008140921592712
1641 19.16785616055131 -84.68608856201172 65.5014419555664 0.8224201202392578 2.961573727588984e-06 0.3215447962284088 89.85037231445312 48.99941158705988 7.998840427395311 0.8224201202392578
1706 20.170160349458456 -84.67676544189453 68.96979522705078 0.8251450061798096 1.8470775103196502e-05 0.008769962005317211 89.84502410888672 48.99938042993449 7.998840555053051 0.8251450061798096
1768 21.166981030255556 -84.6675796508789 72.35997009277344 0.8096435070037842 -0.00012207789404783398 -0.2939166724681854 89.84471130371094 48.9993499750874 7.998840680830399 0.8096435070037842
1833 22.1686628498137 -84.65830993652344 75.77061462402344 0.7759959101676941 -0.0001525670086266473 -0.598905086517334 89.8438949584961 48.99931933633701 7.998840807756875 0.7759959101676941
1896 23.165694147348404 -84.64920806884766 79.12332153320312 0.727438747882843 -0.00018312616157345474 -0.8125261068344116 89.84391021728516 48.99928921803766 7.998840932385094 0.727438747882843
1964 24.170605145394802 -84.63983917236328 82.56410217285156 0.6685126423835754 -0.0002136831171810627 -0.8985591530799866 89.84442138671875 48.999258308528624 7.998841060669632 0.6685126423835754
2029 25.166463438421488 -84.63059997558594 85.96575927734375 0.6082298159599304 -0.0002441556134726852 -0.8942561149597168 89.84464263916016 48.999227750458516 7.998841187178243 0.6082298159599304
2097 26.169856537133455 -84.6212158203125 89.44303131103516 0.5467491745948792 -0.0002441556134726852 -0.8942014575004578 89.84488677978516 48.99919651309827 7.998841315671713 0.5467491745948792
2161 27.170130845159292 -84.61214447021484 92.85159301757812 0.48652926087379456 -0.0002441556134726852 -0.8941400051116943 89.84510803222656 48.99916589296413 7.998841439882067 0.48652926087379456
2230 28.170637652277946 -84.60303497314453 96.30043029785156 0.42558062076568604 -0.0002441556134726852 -0.8941400051116943 89.84510803222656 48.99913491100321 7.998841564614753 0.42558062076568604
2294 29.169480841606855 -84.5940933227539 99.68988037109375 0.3656480014324188 -0.017669711261987686 -0.8935867547988892 89.84490203857422 48.99910446251701 7.998841687049181 0.3656480014324188
2363 30.168910644948483 -84.58524322509766 103.08140563964844 0.3076133131980896 -0.003662093775346875 -1.0649356842041016 89.84284210205078 48.999073995370026 7.998841808230014 0.3076133131980896
2428 31.166924353688955 -84.5799331665039 104.97643280029297 0.27355635166168213 0.0015074166003614664 -0.9003008604049683 89.82978820800781 48.99905697173202 7.998841880938515 0.27355635166168213
2498 32.16825306415558 -84.57440948486328 106.88716888427734 0.24204330146312714 0.0004022502980660647 -0.8366981148719788 89.82950592041016 48.99903980696979 7.998841956572069 0.24204330146312714
2566 33.16886226832867 -84.56916046142578 108.66313171386719 0.21358409523963928 0.0002351824805373326 -0.7694686055183411 89.82969665527344 48.99902385291412 7.998842028444839 0.21358409523963928
2635 34.16719114780426 -84.5641860961914 110.41861724853516 0.18858684599399567 0.04541390389204025 -0.6806351542472839 89.8321762084961 48.999008082807705 7.998842096556825 0.18858684599399567
2704 35.16604922711849 -84.56228637695312 111.13153076171875 0.18349163234233856 0.04664560407400131 -1.0752629041671753 89.827880859375 48.999001678468716 7.9988421225689175 0.18349163234233856
2773 36.17114743962884 -84.56230163574219 111.13428497314453 0.17860740423202515 0.04277319461107254 -0.6474335789680481 89.82787322998047 48.99900165372671 7.998842122359985 0.17860740423202515
2839 37.16838813200593 -84.56230163574219 111.13436889648438 0.17855888605117798 0.04280906915664673 -0.6398930549621582 89.82781219482422 48.999001652972794 7.998842122359985 0.17855888605117798
2909 38.17042404785752 -84.56230163574219 111.13436889648438 0.17856407165527344 0.04280906915664673 -0.6398930549621582 89.82781219482422 48.999001652972794 7.998842122359985 0.17856407165527344
2978 39.168237060308456 -84.56230163574219 111.13436889648438 0.17855949699878693 0.04280906915664673 -0.6398930549621582 89.82781219482422 48.999001652972794 7.998842122359985 0.17855949699878693
3045 40.17046846821904 -84.56230163574219 111.13436889648438 0.17857035994529724 0.04280906915664673 -0.6398930549621582 89.82781219482422 48.999001652972794 7.998842122359985 0.17857035994529724
3115 41.166574254631996 -84.56230163574219 111.13436889648438 0.17856113612651825 0.04280906915664673 -0.6398930549621582 89.82781219482422 48.999001652972794 7.998842122359985 0.17856113612651825
3181 42.171469546854496 -84.56230163574219 111.13436889648438 0.1785704344511032 0.04280906915664673 -0.6398930549621582 89.82781219482422 48.999001652972794 7.998842122359985 0.1785704344511032
3251 43.170663841068745 -84.56230163574219 111.13436889648438 0.17855246365070343 0.04280906915664673 -0.6398930549621582 89.82781219482422 48.999001652972794 7.998842122359985 0.17855246365070343
3318 44.16692943498492 -84.56230163574219 111.13436889648438 0.17856651544570923 0.04280906915664673 -0.6398930549621582 89.82781219482422 48.999001652972794 7.998842122359985 0.17856651544570923
3388 45.168085027486086 -84.56230163574219 111.13436889648438 0.1785629540681839 0.04280906915664673 -0.6398930549621582 89.82781219482422 48.999001652972794 7.998842122359985 0.1785629540681839
3455 46.165303125977516 -84.5622329711914 111.18673706054688 0.17630206048488617 0.04266471788287163 -0.5034805536270142 89.82560729980469 48.99900118253214 7.998842123300181 0.17630206048488617
3523 47.17128061875701 -84.5591812133789 112.16805267333984 0.15983009338378906 0.058498844504356384 -0.1940319985151291 89.73372650146484 48.99899236704644 7.998842165086676 0.15983009338378906
3590 48.16537572443485 -84.5517349243164 113.90276336669922 0.14287249743938446 0.06502823531627655 -0.5957359075546265 89.7410888671875 48.99897678355745 7.998842267045721 0.14287249743938446
3658 49.16986584290862 -84.54988861083984 114.36943817138672 0.13672679662704468 0.06588766723871231 -0.5644468069076538 89.72431182861328 48.99897259126004 7.998842292326551 0.13672679662704468
3725 50.16809235885739 -84.54447174072266 115.57743835449219 0.11836906522512436 0.06108497828245163 -0.2715136706829071 89.7334213256836 48.998961739384725 7.998842366497578 0.11836906522512436
3791 51.16672604903579 -84.53688049316406 117.28758239746094 0.10060539096593857 0.055428922176361084 -0.5718029141426086 89.73739624023438 48.99894637657684 7.998842470441483 0.10060539096593857
3850 52.16807435452938 -84.5294418334961 118.97090911865234 0.08032535016536713 0.018036143854260445 -0.5183703303337097 89.73880767822266 48.99893125467341 7.998842572296063 0.08032535016536713
3913 53.171871062368155 -84.52169799804688 120.72853088378906 0.06523197144269943 -0.003692626254633069 -0.3498832583427429 89.7392807006836 48.99891546534718 7.998842678329292 0.06523197144269943
3979 54.16746196895838 -84.51424407958984 122.42251586914062 0.05114101245999336 -0.014221186749637127 0.15574879944324493 89.74819946289062 48.99890024768743 7.998842780392804 0.05114101245999336
4048 55.16726587712765 -84.50608825683594 125.09742736816406 0.0422959141433239 -0.031738270074129105 0.30028241872787476 89.83876037597656 48.99887621801224 7.99884289206721 0.0422959141433239
4116 56.17066606879234 -84.51444244384766 128.4130859375 0.03743778169155121 -0.1285095065832138 0.07614294439554214 90.23885345458984 48.998846432263605 7.998842777676682 0.03743778169155121
4183 57.168434858322144 -84.58061218261719 131.74325561523438 0.03127235174179077 -0.139678955078125 0.016904717311263084 91.3338851928711 48.99881651613856 7.9988418716410195 0.03127235174179077
4250 58.16971594467759 -84.71531677246094 135.09898376464844 0.023693617433309555 -0.0525817833840847 0.00011611320951487869 92.38035583496094 48.99878637039433 7.998840027185162 0.023693617433309555
4320 59.167515747249126 -84.87593841552734 138.4613800048828 0.015549697913229465 -0.0081787109375 -0.0006420377176254988 92.73052215576172 48.9987561647298 7.998837827857502 0.015549697913229465
4388 60.16693855077028 -85.03977966308594 141.85858154296875 0.0072816465981304646 0.0038117668591439724 -0.0005805660621263087 92.74172973632812 48.998725646377665 7.99883558444509 0.0072816465981304646
4458 61.164890464395285 -85.18128967285156 145.22703552246094 -0.0009237289195880294 0.05315026640892029 -0.0006147170206531882 92.29145050048828 48.99869538625734 7.99883364680535 -0.0009237289195880294
4526 62.16836544498801 -85.2716293334961 148.60745239257812 -0.00526569364592433 0.07359997183084488 0.14820826053619385 91.38655090332031 48.99866501865128 7.998832409820653 -0.00526569364592433
4598 63.16830414161086 -85.30623626708984 151.99786376953125 -0.005046500824391842 0.05626409500837326 0.14267581701278687 90.47412872314453 48.99863456124203 7.998831935961808 -0.005046500824391842
4666 64.1703681461513 -85.2952651977539 155.36065673828125 -0.005012474022805691 0.06298582255840302 0.14199279248714447 89.70067596435547 48.9986043519215 7.998832086184255 -0.005012474022805691
4738 65.16509034484625 -85.21393585205078 158.7149658203125 -0.004991340450942516 0.15083496272563934 0.14180155098438263 88.33831787109375 48.998574218796875 7.998833199794327 -0.004991340450942516
4807 66.16822614148259 -84.98881530761719 162.0882568359375 -0.004978027194738388 0.24543213844299316 0.14110487699508667 85.71807861328125 48.99854391513145 7.9988362822795445 -0.004978027194738388
4877 67.17130785062909 -84.562255859375 165.41513061523438 -0.004966850392520428 0.28492799401283264 0.14056529104709625 82.16618347167969 48.998514028433135 7.998842122986782 -0.004966850392520428
4941 68.16552366316319 -83.92208862304688 168.6551971435547 -0.005015449598431587 0.2884072959423065 0.14040136337280273 78.3197021484375 48.99848492154342 7.998850888539688 -0.005015449598431587
5009 69.16707268357277 -83.0567626953125 171.8661346435547 -0.004963722079992294 0.2837960422039032 0.14030574262142181 74.40446472167969 48.998456076315335 7.998862737100143 -0.004963722079992294
5076 70.16716617718339 -81.97303771972656 175.01931762695312 -0.005004768259823322 0.2817356288433075 0.14025110006332397 70.51632690429688 48.99842774990458 7.9988775761110595 -0.005004768259823322
5145 71.16446506977081 -80.67161560058594 178.11087036132812 -0.004979667719453573 0.2789001762866974 0.140244260430336 66.65037536621094 48.998399977129424 7.998895395961546 -0.004979667719453573
5211 72.16532917320728 -79.19722747802734 181.0496368408203 -0.0050164032727479935 0.2776792049407959 0.14018279314041138 62.87839126586914 48.99837357688591 7.998915584166062 -0.0050164032727479935
5279 73.1690832823515 -77.49607849121094 183.9421844482422 -0.006018562242388725 0.3191095292568207 0.24827736616134644 59.00178527832031 48.99834759183338 7.998938877316037 -0.006018562242388725
5346 74.16648577526212 -75.24966430664062 187.1702880859375 -0.00814289040863514 0.506094217300415 0.4216207265853882 54.14625930786133 48.99831859231452 7.998969636563411 -0.00814289040863514
