940 7.174215856939554 -54.75082015991211 -2.8988778591156006 0.24650350213050842 0.0 0.0 -179.70538330078125 49.00002604105609 7.99925031900493 0.24650350213050842
1040 8.175311356782913 -54.75178909301758 -2.898880958557129 -0.0071235462091863155 9.916097769746557e-05 0.13893969357013702 -179.7053985595703 49.00002604108391 7.999250305737719 -0.0071235462091863155
1084 9.183658167719841 -54.751766204833984 -2.8988804817199707 -0.005101566202938557 0.00012100238382117823 0.1371092051267624 -179.7053985595703 49.00002604107965 7.999250306051117 -0.005101566202938557
1133 10.18362956121564 -54.751766204833984 -2.8988804817199707 -0.005026798229664564 0.00012100238382117823 0.1371092051267624 -179.7053985595703 49.00002604107965 7.999250306051117 -0.005026798229664564
1179 11.18065394833684 -56.401878356933594 -2.906993865966797 -0.015066203661262989 -0.007568359375 1.0253411531448364 -179.701171875 49.00002611396337 7.999227711728027 -0.015066203661262989
1229 12.179570358246565 -59.56074905395508 -2.9230313301086426 -8.958816033555195e-05 0.0014134310185909271 -0.29830849170684814 -179.7136688232422 49.00002625803029 7.999184458580028 -8.958816033555195e-05
1276 13.17781686782837 -60.09623718261719 -2.925889730453491 -0.00044092177995480597 0.004226790275424719 -0.2695329189300537 -179.72264099121094 49.00002628370771 7.999177126356109 -0.00044092177995480597
1326 14.17698548361659 -60.09884262084961 -2.925931930541992 -0.004944934509694576 0.00010770124208647758 0.1299716681241989 -179.72264099121094 49.0000262840868 7.99917709068089 -0.004944934509694576
1381 15.175864670425653 -60.098915100097656 -2.925931215286255 -0.004968814551830292 0.00015515752602368593 0.13568852841854095 -179.72264099121094 49.00002628408038 7.999177089688461 -0.004968814551830292
1446 16.176185861229897 -60.098915100097656 -2.925930976867676 -0.005004367791116238 0.00015515752602368593 0.13568852841854095 -179.72264099121094 49.000026284078245 7.999177089688461 -0.005004367791116238
1511 17.181393954902887 -60.098915100097656 -2.925930976867676 -0.005027637351304293 0.00015515752602368593 0.13568852841854095 -179.72264099121094 49.000026284078245 7.999177089688461 -0.005027637351304293
1577 18.180789351463318 -60.098915100097656 -2.925930976867676 -0.004996814765036106 0.00015515752602368593 0.13568852841854095 -179.72264099121094 49.000026284078245 7.999177089688461 -0.004996814765036106
1642 19.17664736136794 -60.098915100097656 -2.925930976867676 -0.004967403132468462 0.00015515752602368593 0.13568852841854095 -179.72264099121094 49.000026284078245 7.999177089688461 -0.004967403132468462
1707 20.17942465096712 -60.098915100097656 -2.925930976867676 -0.00500986073166132 0.00015515752602368593 0.13568852841854095 -179.72264099121094 49.000026284078245 7.999177089688461 -0.00500986073166132
1769 21.175403829663992 -60.098915100097656 -2.925930976867676 -0.00494245532900095 0.00015515752602368593 0.13568852841854095 -179.72264099121094 49.000026284078245 7.999177089688461 -0.00494245532900095
1834 22.17829605191946 -60.098915100097656 -2.925930976867676 -0.004948520567268133 0.00015515752602368593 0.13568852841854095 -179.72264099121094 49.000026284078245 7.999177089688461 -0.004948520567268133
1898 23.181195944547653 -60.098915100097656 -2.925930976867676 -0.004931773990392685 0.00015515752602368593 0.13568852841854095 -179.72264099121094 49.000026284078245 7.999177089688461 -0.004931773990392685
1965 24.177991844713688 -60.098915100097656 -2.925930976867676 -0.004933834075927734 0.00015515752602368593 0.13568852841854095 -179.72264099121094 49.000026284078245 7.999177089688461 -0.004933834075927734
2030 25.174736138433218 -60.098915100097656 -2.925930976867676 -0.004932918585836887 0.00015515752602368593 0.13568852841854095 -179.72264099121094 49.000026284078245 7.999177089688461 -0.004932918585836887
2098 26.17893373966217 -60.098915100097656 -2.925930976867676 -0.00496252067387104 0.00015515752602368593 0.13568852841854095 -179.72264099121094 49.000026284078245 7.999177089688461 -0.00496252067387104
2162 27.177914544939995 -60.098915100097656 -2.925930976867676 -0.004945774096995592 0.00015515752602368593 0.13568852841854095 -179.72264099121094 49.000026284078245 7.999177089688461 -0.004945774096995592
2231 28.177985154092312 -60.098915100097656 -2.925930976867676 -0.004944286309182644 0.00015515752602368593 0.13568852841854095 -179.72264099121094 49.000026284078245 7.999177089688461 -0.004944286309182644
2295 29.177158441394567 -60.098915100097656 -2.925930976867676 -0.004938678815960884 0.00015515752602368593 0.13568852841854095 -179.72264099121094 49.000026284078245 7.999177089688461 -0.004938678815960884
2364 30.17667244747281 -60.098915100097656 -2.925930976867676 -0.004945544991642237 0.00015515752602368593 0.13568852841854095 -179.72264099121094 49.000026284078245 7.999177089688461 -0.004945544991642237
2429 31.174799252301455 -60.098915100097656 -2.925930976867676 -0.005005511920899153 0.00015515752602368593 0.13568852841854095 -179.72264099121094 49.000026284078245 7.999177089688461 -0.005005511920899153
2499 32.17615066468716 -60.098915100097656 -2.925930976867676 -0.004943599458783865 0.00015515752602368593 0.13568852841854095 -179.72264099121094 49.000026284078245 7.999177089688461 -0.004943599458783865
2567 33.17556926980615 -60.098915100097656 -2.925930976867676 -0.0049909017980098724 0.00015515752602368593 0.13568852841854095 -179.72264099121094 49.000026284078245 7.999177089688461 -0.0049909017980098724
2636 34.17477564513683 -60.098915100097656 -2.925930976867676 -0.004944514948874712 0.00015515752602368593 0.13568852841854095 -179.72264099121094 49.000026284078245 7.999177089688461 -0.004944514948874712
2705 35.174592826515436 -60.098915100097656 -2.925930976867676 -0.0049860188737511635 0.00015515752602368593 0.13568852841854095 -179.72264099121094 49.000026284078245 7.999177089688461 -0.0049860188737511635
2774 36.17917073890567 -60.098915100097656 -2.925930976867676 -0.004988308064639568 0.00015515752602368593 0.13568852841854095 -179.72264099121094 49.000026284078245 7.999177089688461 -0.004988308064639568
2840 37.177356030792 -60.098915100097656 -2.925930976867676 -0.004937648773193359 0.00015515752602368593 0.13568852841854095 -179.72264099121094 49.000026284078245 7.999177089688461 -0.004937648773193359
2910 38.17782974615693 -60.098915100097656 -2.925930976867676 -0.004923953674733639 0.00015515752602368593 0.13568852841854095 -179.72264099121094 49.000026284078245 7.999177089688461 -0.004923953674733639
2979 39.175442561507225 -60.098915100097656 -2.925930976867676 -0.004929408896714449 0.00015515752602368593 0.13568852841854095 -179.72264099121094 49.000026284078245 7.999177089688461 -0.004929408896714449
3046 40.17744376882911 -60.098915100097656 -2.925930976867676 -0.004918956663459539 0.00015515752602368593 0.13568852841854095 -179.72264099121094 49.000026284078245 7.999177089688461 -0.004918956663459539
3117 41.18113135546446 -60.098915100097656 -2.925930976867676 -0.004930324386805296 0.00015515752602368593 0.13568852841854095 -179.72264099121094 49.000026284078245 7.999177089688461 -0.004930324386805296
3182 42.17887684702873 -60.098915100097656 -2.925930976867676 -0.004929180257022381 0.00015515752602368593 0.13568852841854095 -179.72264099121094 49.000026284078245 7.999177089688461 -0.004929180257022381
3252 43.17896444350481 -60.098915100097656 -2.925930976867676 -0.004940280690789223 0.00015515752602368593 0.13568852841854095 -179.72264099121094 49.000026284078245 7.999177089688461 -0.004940280690789223
3320 44.18135233595967 -60.15791320800781 -2.9264094829559326 -0.006540393456816673 -0.00045776375918649137 0.27879464626312256 -179.7418212890625 49.000026288376716 7.99917628185106 -0.006540393456816673
3389 45.17554892599583 -61.14463806152344 -2.9310739040374756 -0.009474162943661213 -0.0024719235952943563 0.5379320383071899 -179.69699096679688 49.000026330277905 7.9991627710238635 -0.009474162943661213
3457 46.17928632721305 -63.37771987915039 -2.942777633666992 -0.008849963545799255 -0.004272460471838713 0.4824025630950928 -179.689453125 49.00002643541424 7.999132194331236 -0.008849963545799255
3524 47.17876911908388 -66.52786254882812 -3.01322865486145 -0.008345050737261772 -0.377899169921875 0.2158203125 -178.17864990234375 49.00002706828619 7.999089060692611 -0.008345050737261772
3592 48.18021052330732 -69.7997817993164 -3.6848225593566895 -0.019876116886734962 -1.6252440214157104 -0.28621906042099 -165.29225158691406 49.00003310131325 7.999044259616165 -0.019876116886734962
3659 49.17716654390097 -72.23978424072266 -5.7127838134765625 -0.03381723165512085 -2.384307861328125 -0.09237147122621536 -135.79000854492188 49.00005131878373 7.999010849642525 -0.03381723165512085
3726 50.175130158662796 -73.60203552246094 -8.781439781188965 -0.04639234393835068 -1.0020751953125 -0.2645878493785858 -111.90727996826172 49.00007888495327 7.9989921968827415 -0.04639234393835068
3793 51.18135664984584 -74.2279052734375 -12.091218948364258 -0.07362626492977142 -0.529388427734375 -0.48650750517845154 -99.81104278564453 49.00010861714941 7.998983627099562 -0.07362626492977142
3851 52.17646075412631 -74.47021484375 -15.190449714660645 -0.10807954519987106 -0.3013915717601776 -0.5732372403144836 -94.15084075927734 49.00013645794459 7.998980309251916 -0.10807954519987106
3914 53.17887706309557 -74.5329360961914 -18.45866584777832 -0.1455754190683365 -0.1500854790210724 -0.49609026312828064 -90.82769012451172 49.00016581674055 7.998979450434992 -0.1455754190683365
3980 54.17471566796303 -74.46722412109375 -21.784704208374023 -0.18085744976997375 -0.11325069516897202 -0.4626155197620392 -88.61901092529297 49.000195694943045 7.99898035020268 -0.18085744976997375
4049 55.17498007789254 -74.3060302734375 -25.181520462036133 -0.21935681998729706 -0.044982921332120895 -0.6031193137168884 -87.22835540771484 49.00022620893341 7.998982557365308 -0.21935681998729706
4117 56.1775925680995 -74.15814971923828 -28.567264556884766 -0.2662796080112457 0.056983672082424164 -0.7238770723342896 -87.6836929321289 49.00025662344265 7.998984582234355 -0.2662796080112457
4184 57.17587535828352 -74.08168029785156 -31.92072868347168 -0.3157110810279846 0.060013752430677414 -0.7161862850189209 -88.83885955810547 49.00028674795914 7.998985629299435 -0.3157110810279846
4251 58.17794784530997 -74.05912780761719 -35.29387664794922 -0.3650955557823181 0.03448066487908363 -0.7161862850189209 -89.68899536132812 49.000317049279175 7.998985938101628 -0.3650955557823181
4321 59.17474204674363 -74.06588745117188 -38.683349609375 -0.41473981738090515 0.016548892483115196 -0.7161248326301575 -90.1396713256836 49.00034749722971 7.998985845544543 -0.41473981738090515
4390 60.18103114888072 -74.08411407470703 -42.145225524902344 -0.4654747247695923 0.0045960890129208565 -0.7160633206367493 -90.30364227294922 49.00037859556349 7.998985595974706 -0.4654747247695923
4460 61.18027676641941 -74.10404968261719 -45.54138946533203 -0.5152552127838135 0.001568904728628695 -0.7160360217094421 -90.32511901855469 49.000409103582 7.998985323004432 -0.5152552127838135
4527 62.17530654743314 -74.12236785888672 -48.908206939697266 -0.5645638108253479 -0.0006714386399835348 -0.7159745693206787 -90.29717254638672 49.000439347960366 7.998985072181 -0.5645638108253479
4599 63.175451543182135 -74.13887023925781 -52.33372116088867 -0.6147994995117188 -0.0012817475944757462 -0.7159404158592224 -90.26531982421875 49.000470119597196 7.998984846220533 -0.6147994995117188
4667 64.17762064561248 -74.1532974243164 -55.72286605834961 -0.6644508838653564 0.00014923526032362133 -0.7158789038658142 -90.23431396484375 49.00050056450715 7.998984648674881 -0.6644508838653564
4740 65.17981414496899 -74.16688537597656 -59.14188766479492 -0.7145506143569946 0.0002812602906487882 -0.7158174514770508 -90.21734619140625 49.00053127778267 7.998984462620515 -0.7145506143569946
4808 66.17606524378061 -74.17987823486328 -62.5175895690918 -0.763964831829071 0.001062710420228541 -0.713836669921875 -90.21434783935547 49.00056160189612 7.998984284714515 -0.763964831829071
4878 67.17825404927135 -74.19305419921875 -65.90310668945312 -0.8094115853309631 0.001369093544781208 -0.5691527724266052 -90.21599578857422 49.00059201416164 7.998984104301327 -0.8094115853309631
4943 68.1806653663516 -74.20623779296875 -69.26811981201172 -0.8436678647994995 0.00018090906087309122 -0.29717469215393066 -90.21719360351562 49.00062224222037 7.998983923783671 -0.8436678647994995
5010 69.17451008409262 -74.218994140625 -72.56932830810547 -0.8626469969749451 -0.0004882820649072528 -0.060365207493305206 -90.21368408203125 49.000651897101505 7.998983749116125 -0.8626469969749451
5078 70.18140587583184 -74.2313232421875 -75.95063781738281 -0.8682959675788879 0.0015788485761731863 0.17943589389324188 -90.20762634277344 49.00068227151482 7.998983580298688 -0.8682959675788879
5147 71.1780074685812 -74.24470520019531 -79.29749298095703 -0.8599327802658081 -0.0010071058059111238 0.4156169891357422 -90.2210464477539 49.00071233640537 7.998983397064911 -0.8599327802658081
5213 72.18148637190461 -74.25797271728516 -82.58496856689453 -0.8384252786636353 -0.0009154369472526014 0.6462519764900208 -90.2236557006836 49.00074186786989 7.998983215398127 -0.8384252786636353
5280 73.17638738453388 -74.27056121826172 -85.83794403076172 -0.8041178584098816 -0.0020751787815243006 0.8754662871360779 -90.21349334716797 49.00077108940184 7.998983043028838 -0.8041178584098816
5347 74.17569437623024 -74.28306579589844 -89.04888153076172 -0.7576411962509155 -0.0008849419537000358 1.1087650060653687 -90.21435546875 49.000799933289244 7.9989828718086775 -0.7576411962509155
