942 7.194240655750036 -54.75082015991211 -2.8988778591156006 0.21960575878620148 0.0 0.0 -179.70538330078125 3.154167888732017e-35 1.5074303437274815e-36 9.8100004196167 0.0 0.0 0.0 4.717531204223633
1042 8.19508445635438 -54.75178527832031 -2.898880958557129 -0.00680959690362215 0.00010401636245660484 0.13856403529644012 -179.7053985595703 -10615.8466796875 -507.349609375 -7.5341033935546875 3.852292138617486e-06 -0.00021143020421732217 -2.1798200577904936e-08 4.717530727386475
1085 9.194627068936825 -54.751766204833984 -2.8988804817199707 -0.005106334574520588 0.00012100238382117823 0.1371092051267624 -179.7053985595703 0.023039257153868675 -1.9814597180811688e-05 10.037858009338379 -3.200558182925306e-07 -3.986991487181513e-06 8.234504744741855e-10 4.717530727386475
1135 10.203660059720278 -54.751766204833984 -2.8988804817199707 -0.0050365254282951355 0.00012100238382117823 0.1371092051267624 -179.7053985595703 0.02349589765071869 -2.0534505893010646e-05 9.808343887329102 1.5699247057909815e-07 1.203829782525645e-07 -4.780128515236015e-10 4.717530727386475
1181 11.200174450874329 -56.53385925292969 -2.9077513217926025 -0.014559192582964897 -0.009277342818677425 0.9795993566513062 -179.69854736328125 1.9506959915161133 0.0010764766484498978 9.76848030090332 -0.0007050350541248918 -0.02759580872952938 0.00158976623788476 4.717650413513184
1231 12.199099857360125 -59.64347457885742 -2.923464298248291 0.0007525825058110058 0.002008502371609211 -0.37249118089675903 -179.714599609375 1.263696551322937 -0.00011445954442024231 9.843365669250488 0.000581724161747843 -0.04440296068787575 -0.0005941581912338734 4.71737003326416
1278 13.197631370276213 -60.096580505371094 -2.9258949756622314 -0.0010363578330725431 0.003701519686728716 -0.21658529341220856 -179.72264099121094 -2.6995954513549805 -0.001054896041750908 9.782723426818848 -0.00043832752271555364 0.029467130079865456 9.570208021614235e-07 4.717229843139648
1328 14.196835182607174 -60.09885025024414 -2.925931930541992 -0.004965190775692463 0.00010975473560392857 0.13125573098659515 -179.72264099121094 -0.4295388162136078 -0.00023003946989774704 9.808867454528809 -1.4056341797186178e-06 0.0007006623200140893 5.538646874470032e-09 4.717229843139648
1384 15.201650068163872 -60.098915100097656 -2.925930976867676 -0.004976825788617134 0.00015515752602368593 0.13568852841854095 -179.72264099121094 0.02103421650826931 -5.403902832767926e-05 9.813891410827637 1.1188767530256882e-06 3.61619049726869e-06 -2.235791329852077e-09 4.717229843139648
1449 16.20025186240673 -60.098915100097656 -2.925930976867676 -0.005002689082175493 0.00015515752602368593 0.13568852841854095 -179.72264099121094 0.023178398609161377 -2.5084780645556748e-05 9.809958457946777 1.9688700092501676e-07 1.5600318192809937e-07 -6.525900375642379e-10 4.717229843139648
1513 17.19802725315094 -60.098915100097656 -2.925930976867676 -0.005027637351304293 0.00015515752602368593 0.13568852841854095 -179.72264099121094 0.023237021639943123 -2.62839730567066e-05 9.80997371673584 -8.677005070012456e-08 3.6912396694788185e-08 3.299552020497032e-10 4.717229843139648
1579 18.19699614867568 -60.098915100097656 -2.925930976867676 -0.004999027121812105 0.00015515752602368593 0.13568852841854095 -179.72264099121094 0.02322249487042427 -2.682355079741683e-05 9.810026168823242 -4.251506879882072e-08 4.185182422844491e-09 1.1508693997797081e-10 4.717229843139648
1644 19.194354560226202 -60.098915100097656 -2.925930976867676 -0.004999942611902952 0.00015515752602368593 0.13568852841854095 -179.72264099121094 0.023236948996782303 -2.628389120218344e-05 9.809943199157715 -5.7222120375399754e-08 -5.549518959924171e-07 5.646421108451705e-10 4.717229843139648
1709 20.19951245188713 -60.098915100097656 -2.925930976867676 -0.00504724495112896 0.00015515752602368593 0.13568852841854095 -179.72264099121094 0.023236913606524467 -2.5978675694204867e-05 9.809926986694336 1.2223075884776335e-09 -3.283957425992412e-07 1.9910198489903053e-11 4.717229843139648
1772 21.200757030397654 -60.098915100097656 -2.925930976867676 -0.0049722096882760525 0.00015515752602368593 0.13568852841854095 -179.72264099121094 0.02324219048023224 -2.6307938242098317e-05 9.810094833374023 -5.888021803457377e-08 -1.9407387696901424e-08 9.892631158692211e-11 4.717229843139648
1836 22.195146951824427 -60.098915100097656 -2.925930976867676 -0.004979915451258421 0.00015515752602368593 0.13568852841854095 -179.72264099121094 0.023236824199557304 -2.597857383079827e-05 9.809889793395996 -4.0613201690575806e-08 -1.6981466899324005e-07 7.568722037998299e-11 4.717229843139648
1900 23.196037847548723 -60.098915100097656 -2.925930976867676 -0.004941578023135662 0.00015515752602368593 0.13568852841854095 -179.72264099121094 0.02323712594807148 -2.6589266781229526e-05 9.810018539428711 -2.295378749295196e-07 6.578540023838286e-08 4.390529051434555e-10 4.717229843139648
1968 24.20008374750614 -60.098915100097656 -2.925930976867676 -0.004946689587086439 0.00015515752602368593 0.13568852841854095 -179.72264099121094 0.02321738190948963 -2.6799649276654236e-05 9.809929847717285 -3.969487849531106e-08 -9.815741464080929e-08 1.1637648483775465e-10 4.717229843139648
2033 25.199090238660574 -60.098915100097656 -2.925930976867676 -0.004960613325238228 0.00015515752602368593 0.13568852841854095 -179.72264099121094 0.023227229714393616 -2.6847017579711974e-05 9.809964179992676 -2.399427785348962e-07 1.2165747520498371e-08 5.835416594379694e-10 4.717229843139648
2101 26.20152183994651 -60.098915100097656 -2.925930976867676 -0.004979762714356184 0.00015515752602368593 0.13568852841854095 -179.72264099121094 0.023232124745845795 -2.656549258972518e-05 9.809967994689941 -5.365196287243634e-08 -3.681321913973079e-08 1.5502900352348803e-10 4.717229843139648
2165 27.20309004560113 -60.098915100097656 -2.925930976867676 -0.0049741934053599834 0.00015515752602368593 0.13568852841854095 -179.72264099121094 0.023227309808135033 -2.654193485795986e-05 9.80999755859375 -2.8604336677062747e-08 -4.7579160877830873e-07 2.79567619054788e-10 4.717229843139648
2234 28.200419254601 -60.098915100097656 -2.925930976867676 -0.004957523196935654 0.00015515752602368593 0.13568852841854095 -179.72264099121094 0.023227276280522346 -2.6847070330404676e-05 9.80998420715332 -3.913475765671137e-08 -9.205063378203704e-08 2.413084176922098e-10 4.717229843139648
2298 29.19904724135995 -60.098915100097656 -2.925930976867676 -0.004944934509694576 0.00015515752602368593 0.13568852841854095 -179.72264099121094 0.023232126608490944 -2.656549622770399e-05 9.809968948364258 1.846742350153363e-07 3.9614739932858356e-08 -4.676254383717549e-10 4.717229843139648
2367 30.198662146925926 -60.098915100097656 -2.925930976867676 -0.004957218188792467 0.00015515752602368593 0.13568852841854095 -179.72264099121094 0.023232076317071915 -2.656543620105367e-05 9.809947967529297 -9.57290602343619e-09 -1.5163307409693516e-07 1.168243002336311e-10 4.717229843139648
2432 31.198871452361345 -60.098915100097656 -2.925930976867676 -0.005002422258257866 0.00015515752602368593 0.13568852841854095 -179.72264099121094 0.023222288116812706 -2.6518138838582672e-05 9.80993938446045 -2.4733882497685045e-08 8.83548096908271e-08 6.635159088830278e-11 4.717229843139648
2502 32.198152266442776 -60.098915100097656 -2.925930976867676 -0.0049564167857170105 0.00015515752602368593 0.13568852841854095 -179.72264099121094 0.023227466270327568 -2.68472867901437e-05 9.810064315795898 -4.075674908676774e-08 -3.4354112443679696e-08 9.641094866896793e-11 4.717229843139648
2570 33.19652246683836 -60.098915100097656 -2.925930976867676 -0.00497793173417449 0.00015515752602368593 0.13568852841854095 -179.72264099121094 0.023227090016007423 -2.684685750864446e-05 9.809905052185059 -5.471139274959569e-08 5.8101043975966604e-08 2.160391449068655e-10 4.717229843139648
2639 34.19805774465203 -60.098915100097656 -2.925930976867676 -0.004962024744600058 0.00015515752602368593 0.13568852841854095 -179.72264099121094 0.023237105458974838 -2.6589241315377876e-05 9.810009956359863 -1.5022305177581075e-08 -8.62564633052898e-08 -2.7709584626833816e-11 4.717229843139648
2708 35.19794872775674 -60.098915100097656 -2.925930976867676 -0.004992160480469465 0.00015515752602368593 0.13568852841854095 -179.72264099121094 0.023241795599460602 -2.6002311642514542e-05 9.809926986694336 -3.176750951183749e-08 2.175198510201426e-08 8.20485623886924e-11 4.717229843139648
2776 36.19846484065056 -60.098915100097656 -2.925930976867676 -0.005023288540542126 0.00015515752602368593 0.13568852841854095 -179.72264099121094 0.023237016052007675 -2.658914127096068e-05 9.809971809387207 -2.1313475428996753e-08 -5.961514375485422e-07 4.1838771336344394e-10 4.717229843139648
2842 37.19777902960777 -60.098915100097656 -2.925930976867676 -0.005001506768167019 0.00015515752602368593 0.13568852841854095 -179.72264099121094 0.02323226071894169 -2.656565084180329e-05 9.810025215148926 -2.394161242591508e-07 -4.5669494852518255e-07 4.901373751309279e-10 4.717229843139648
2913 38.20203574746847 -60.098915100097656 -2.925930976867676 -0.004953250754624605 0.00015515752602368593 0.13568852841854095 -179.72264099121094 0.023232197389006615 -2.6565578082227148e-05 9.809998512268066 -5.8253633028471086e-09 8.814781438104546e-08 1.745089489579854e-11 4.717229843139648
2982 39.19789196178317 -60.098915100097656 -2.925930976867676 -0.004944553133100271 0.00015515752602368593 0.13568852841854095 -179.72264099121094 0.023241808637976646 -2.661267171788495e-05 9.80993366241455 -1.4515768143041896e-08 -1.2461522658213653e-07 4.2077757944625205e-11 4.717229843139648
3049 40.19864786788821 -60.098915100097656 -2.925930976867676 -0.00492872204631567 0.00015515752602368593 0.13568852841854095 -179.72264099121094 0.02322726510465145 -2.6847059416468255e-05 9.809979438781738 -1.5522257257316596e-08 -1.2459085496629996e-07 7.277378699654946e-11 4.717229843139648
3119 41.19565425440669 -60.098915100097656 -2.925930976867676 -0.004939479753375053 0.00015515752602368593 0.13568852841854095 -179.72264099121094 0.02322230488061905 -2.6823330699699e-05 9.809946060180664 -1.8563991455167184e-09 -9.557004432281246e-08 9.645215182096933e-12 4.717229843139648
3185 42.20329534634948 -60.098915100097656 -2.925930976867676 -0.004960002843290567 0.00015515752602368593 0.13568852841854095 -179.72264099121094 0.02324676513671875 -2.6026049454230815e-05 9.80996322631836 -6.190825185825588e-09 -2.741600724220916e-07 6.310567346456963e-11 4.717229843139648
3254 43.19455794245005 -60.098915100097656 -2.925930976867676 -0.004958324134349823 0.00015515752602368593 0.13568852841854095 -179.72264099121094 0.02323218807578087 -2.6260397135047242e-05 9.8099946975708 -3.5297642142495533e-08 2.018721403374002e-07 -1.203293853446752e-10 4.717229843139648
3322 44.19554403424263 -60.17041015625 -2.926459312438965 -0.006770648993551731 -0.0006103515625 0.2985270619392395 -179.7412109375 0.12280791252851486 0.00031039933674037457 9.807674407958984 -0.0001815994328353554 0.016221510246396065 -0.00031307307654060423 4.71690559387207
3392 45.19636942818761 -61.21335983276367 -2.9314236640930176 -0.009451351128518581 -0.0022888181265443563 0.5349882245063782 -179.69708251953125 1.061347246170044 -0.0003061192110180855 9.799651145935059 0.00011655467096716166 -0.0018708971329033375 -8.905992581276223e-05 4.717675685882568
3460 46.201349928975105 -63.49563980102539 -2.9434406757354736 -0.008845653384923935 -0.004638671409338713 0.4810228645801544 -179.6877899169922 1.3077186346054077 0.0010937405750155449 9.80263900756836 -0.00024162378394976258 -0.0008666658541187644 0.0010372003307566047 4.717838287353516
3527 47.20038241893053 -66.66914367675781 -3.0236599445343018 -0.00872812233865261 -0.4216613173484802 0.18013256788253784 -177.9312744140625 0.9365119934082031 0.10770198702812195 9.806093215942383 -0.026106765493750572 -0.023859532549977303 0.153379887342453 4.748495101928711
3594 48.19521922245622 -69.8973617553711 -3.7278785705566406 -0.020539378747344017 -1.6836241483688354 -0.27111750841140747 -164.5543212890625 0.18743135035037994 0.8761558532714844 9.777447700500488 -0.04993917793035507 -0.0014698845334351063 0.5831050276756287 4.981966972351074
3662 49.198139641433954 -72.3169937133789 -5.826540946960449 -0.03421831130981445 -2.307037115097046 -0.08639505505561829 -134.53065490722656 0.3890334367752075 1.9598252773284912 9.737831115722656 0.028676848858594894 0.033089153468608856 0.7739323377609253 5.505978584289551
3729 50.197312757372856 -73.641845703125 -8.922030448913574 -0.047156427055597305 -0.9671325087547302 -0.2799079716205597 -111.20130920410156 0.4959218502044678 1.5407373905181885 9.788618087768555 0.015915419906377792 0.01530730351805687 0.4175954759120941 5.913152694702148
3795 51.195131950080395 -74.24030303955078 -12.193632125854492 -0.07468637079000473 -0.5234679579734802 -0.4919716715812683 -99.57093048095703 -0.026553094387054443 0.8367077708244324 9.78823471069336 0.005351250059902668 0.004558417480438948 0.19857482612133026 6.1161417961120605
3853 52.19441105425358 -74.47589111328125 -15.319445610046387 -0.10958059132099152 -0.2971496284008026 -0.5711062550544739 -93.98444366455078 -0.2735729515552521 0.4039914906024933 9.798456192016602 -0.0013746939366683364 0.0029325594659894705 0.10963602364063263 6.213644027709961
3917 53.201244462281466 -74.53260803222656 -18.602508544921875 -0.1471371203660965 -0.14562983810901642 -0.494874507188797 -90.72022247314453 0.04528796672821045 0.20545487105846405 9.807891845703125 -0.0006477750139310956 0.0025377636775374413 0.06351715326309204 6.270612716674805
3983 54.197232369333506 -74.4617691040039 -21.93029022216797 -0.18237565457820892 -0.1124877780675888 -0.46142706274986267 -88.53226470947266 0.0045178234577178955 0.14444558322429657 9.812007904052734 -0.0006821052520535886 0.0005480026011355221 0.0505962148308754 0.025613367557525635
4052 55.197083577513695 -74.2987289428711 -25.327316284179688 -0.22117620706558228 -0.037536658346652985 -0.6169095039367676 -87.21488189697266 -0.044662728905677795 0.09568388015031815 9.806594848632812 0.007863592356443405 0.004810729529708624 0.006919790990650654 0.04860900714993477
4120 56.20026336982846 -74.15341186523438 -28.71232032775879 -0.2684418559074402 0.05945371836423874 -0.722920835018158 -87.73214721679688 -0.14763130247592926 -0.027423478662967682 9.80059814453125 -0.0005740144988521934 0.001177819911390543 -0.028615841642022133 0.039581988006830215
4187 57.20190425589681 -74.07949829101562 -32.08487319946289 -0.3181329369544983 0.058009520173072815 -0.7161862850189209 -88.88896179199219 -0.13113941252231598 -0.08067956566810608 9.806563377380371 1.0834112799784634e-05 -0.0008038406376726925 -0.026091285049915314 0.019390664994716644
4254 58.200941044837236 -74.0589599609375 -35.447025299072266 -0.3673565089702606 0.034441493451595306 -0.7161862850189209 -89.71800994873047 -0.12455099821090698 -0.05911048501729965 9.809514045715332 5.846365525030706e-07 -0.000584638211876154 -0.01563405618071556 0.004931403789669275
4324 59.198733646422625 -74.06649017333984 -38.83646011352539 -0.4170137345790863 0.014936602674424648 -0.7161248326301575 -90.1505126953125 -0.09090355038642883 -0.030618518590927124 9.809125900268555 -6.822066552558681e-06 -0.0011892125476151705 -0.005563007667660713 6.2805562019348145
4392 60.19540924951434 -74.08470916748047 -42.24939727783203 -0.46701058745384216 0.004134427756071091 -0.7160633206367493 -90.30498504638672 -0.09509789943695068 -0.011333085596561432 9.809179306030273 -4.440585144038778e-06 -0.0005952882929705083 -0.0009161675698123872 6.277858734130859
4463 61.20120196416974 -74.10489654541016 -45.68292236328125 -0.5173417329788208 0.002503993222489953 -0.7160360217094421 -90.3259506225586 -0.1331016719341278 -0.0023000165820121765 9.809224128723145 3.9459455365431495e-06 0.0006435925606638193 -0.0007219780818559229 6.277491092681885
4530 62.19624984636903 -74.12303161621094 -49.04497528076172 -0.5665808916091919 -0.001312245731242001 -0.7159745693206787 -90.2947769165039 -0.157596617937088 0.0018805116415023804 9.809354782104492 -2.4403016141150147e-06 -0.0005036387592554092 0.0017252890393137932 6.278040885925293
4602 63.196723744273186 -74.13948822021484 -52.47310256958008 -0.6168513894081116 -0.0014343716902658343 -0.7159404158592224 -90.26324462890625 -0.07475395500659943 0.002252398058772087 9.80906867980957 7.184015089478635e-07 0.00028468522941693664 0.0008834862383082509 6.278592109680176
4670 64.1982762478292 -74.15385437011719 -55.859745025634766 -0.6664626002311707 0.00020321398915257305 -0.7158789038658142 -90.23351287841797 -0.16767412424087524 0.0018956735730171204 9.809383392333984 -1.4287046496974654e-06 -0.00029089555027894676 0.0008000016678124666 6.279114723205566
4743 65.2009748481214 -74.16741180419922 -59.28203582763672 -0.7166194915771484 7.505789108108729e-05 -0.7158174514770508 -90.21688842773438 -0.09082845598459244 0.0009226780384778976 9.80914306640625 -1.1636961971817072e-06 -0.00010601949179545045 0.0004429505206644535 6.279403209686279
4811 66.19755874201655 -74.180419921875 -62.661468505859375 -0.7659967541694641 0.0007398250745609403 -0.7104489207267761 -90.2138671875 -0.1437089443206787 0.0002597197890281677 9.8094482421875 -0.0023258933797478676 -0.0004422997299116105 0.0005307986866682768 6.2794508934021
4881 67.1993324495852 -74.193603515625 -66.0404052734375 -0.8111178278923035 0.0017057368531823158 -0.5684493184089661 -90.21674346923828 -0.11555367708206177 -0.00046837329864501953 9.813847541809082 -0.00029489502776414156 -0.00023367692483589053 -9.540023165754974e-05 6.2794189453125
4945 68.19678236544132 -74.20668029785156 -69.38273620605469 -0.8446707129478455 0.00013592519098892808 -0.29162174463272095 -90.2169418334961 -0.07213239371776581 -6.319954991340637e-05 9.8211669921875 -0.0036613806150853634 -4.6392753574764356e-05 0.0001777678116923198 6.279387474060059
5013 69.19629848375916 -74.21949768066406 -72.71195220947266 -0.8634165525436401 -0.001190184149891138 -0.04671849310398102 -90.2123031616211 -0.02811037376523018 0.00041282176971435547 9.824886322021484 -0.00813228078186512 -0.00037597911432385445 0.0009348362218588591 6.279499053955078
5080 70.19583597779274 -74.2317123413086 -76.05598449707031 -0.8683496117591858 0.0011404743418097496 0.18956506252288818 -90.20752716064453 0.047348685562610626 0.00045881979167461395 9.823722839355469 -0.00816564355045557 -0.0002253592829219997 5.377369234338403e-05 6.279580593109131
5150 71.20102196931839 -74.24526977539062 -79.44221496582031 -0.8593308925628662 -0.001312220236286521 0.4295710623264313 -90.22044372558594 0.0968407690525055 -0.0009553432464599609 9.82342529296875 -0.008171995170414448 -0.0003444117901381105 0.0005416442290879786 6.279356479644775
5215 72.19850937277079 -74.2584457397461 -82.7062759399414 -0.8373352885246277 -0.0012817054521292448 0.6577950119972229 -90.22303771972656 0.016343463212251663 0.00013242661952972412 9.823522567749023 -0.008059268817305565 0.00011506117880344391 0.00011036889191018417 6.2792792320251465
5283 73.19907318428159 -74.27111053466797 -85.9827880859375 -0.8021274209022522 -0.0019531352445483208 0.8883480429649353 -90.2129135131836 0.15474678575992584 0.0008761435747146606 9.821931838989258 -0.0075918883085250854 0.00034696474904194474 4.363224434200674e-05 6.2794508934021
5349 74.19434717670083 -74.28358459472656 -89.18310546875 -0.7552545070648193 -0.0010681672720238566 1.1177194118499756 -90.21441650390625 0.132356196641922 7.367879152297974e-05 9.821219444274902 -0.005859747529029846 -5.077807873021811e-05 1.2437260011211038e-05 6.2794189453125
